<?xml version="1.0" encoding="UTF-8"?>
<!-- Generated by org.testng.reporters.JUnitXMLReporter -->
<testsuite ignored="0" hostname="FT-D-WTC-0008" failures="1" tests="2" name="Surefire test" time="20.324" errors="0" timestamp="2025-06-24T15:49:33 IST">
  <testcase classname="com.questapp.tests.LoginTest" name="testLoginWithInvalidCredentials" time="8.23"/>
  <testcase classname="com.questapp.tests.LoginTest" name="testSuccessfulLogin" time="8.874">
    <failure type="java.lang.AssertionError" message="User should be logged in and see navigation/dashboard elements expected [true] but found [false]">
      <![CDATA[java.lang.AssertionError: User should be logged in and see navigation/dashboard elements expected [true] but found [false]
at com.questapp.tests.LoginTest.testSuccessfulLogin(LoginTest.java:25)
at java.base/java.util.concurrent.ThreadPoolExecutor.runWorker(ThreadPoolExecutor.java:1144)
at java.base/java.util.concurrent.ThreadPoolExecutor$Worker.run(ThreadPoolExecutor.java:642)
at java.base/java.lang.Thread.run(Thread.java:1583)
... Removed 13 stack frames]]>
    </failure>
  </testcase> <!-- testSuccessfulLogin -->
</testsuite> <!-- Surefire test -->
