<?xml version="1.0" encoding="UTF-8"?>
<testsuite xmlns:xsi="http://www.w3.org/2001/XMLSchema-instance" xsi:noNamespaceSchemaLocation="https://maven.apache.org/surefire/maven-surefire-plugin/xsd/surefire-test-report-3.0.xsd" version="3.0" name="com.questapp.tests.LoginTest" time="20.921" tests="2" errors="0" skipped="0" failures="1">
  <properties>
[...]
</properties>
  <testcase name="testLoginWithInvalidCredentials" classname="com.questapp.tests.LoginTest" time="8.25">
    <system-out><![CDATA[Starting login process...
Starting login process...
Username entered: akhilraj@focaloid.com
Username entered: akhilraj@focaloid.com
Password entered
Password entered
Login button enabled: false
Login button is still disabled. Form may be invalid.
Login button enabled: false
Login button is still disabled. Form may be invalid.
Login button clicked
Login button clicked
After login URL: https://questapp.dev/admin/login?redirectUrl=%2Fquest%2Fhome
After login URL: https://questapp.dev/admin/login?redirectUrl=%2Fquest%2Fhome
Starting login process...
Starting login process...
Username entered: akhilraj@focaloid.com
Username entered: invalid@email.com
Password entered
Password entered
Login button enabled: true
Login button clicked
Login button enabled: true
Login button clicked
After login URL: https://questapp.dev/admin/login?redirectUrl=%2Fquest%2Fhome
After login URL: https://questapp.dev/admin/login?redirectUrl=%2Fquest%2Fhome
]]></system-out>
    <system-err><![CDATA[[TestNG-test=Surefire test-2] INFO io.github.bonigarcia.wdm.WebDriverManager - Using chromedriver 137.0.7151.119 (resolved driver for Chrome 137)
[TestNG-test=Surefire test-1] INFO io.github.bonigarcia.wdm.WebDriverManager - Using chromedriver 137.0.7151.119 (resolved driver for Chrome 137)
[TestNG-test=Surefire test-1] INFO io.github.bonigarcia.wdm.WebDriverManager - Exporting webdriver.chrome.driver as C:\Users\Aravind Ravi\.cache\selenium\chromedriver\win64\137.0.7151.119\chromedriver.exe
[TestNG-test=Surefire test-2] INFO io.github.bonigarcia.wdm.WebDriverManager - Exporting webdriver.chrome.driver as C:\Users\Aravind Ravi\.cache\selenium\chromedriver\win64\137.0.7151.119\chromedriver.exe
Jun 24, 2025 3:49:14 PM org.openqa.selenium.devtools.CdpVersionFinder findNearestMatch
WARNING: Unable to find CDP implementation matching 137
Jun 24, 2025 3:49:14 PM org.openqa.selenium.devtools.CdpVersionFinder findNearestMatch
WARNING: Unable to find CDP implementation matching 137
Jun 24, 2025 3:49:14 PM org.openqa.selenium.chromium.ChromiumDriver lambda$new$5
WARNING: Unable to find version of CDP to use for 137.0.7151.120. You may need to include a dependency on a specific version of the CDP using something similar to `org.seleniumhq.selenium:selenium-devtools-v86:4.18.1` where the version ("v86") matches the version of the chromium-based browser you're using and the version number of the artifact is the same as Selenium's.
Jun 24, 2025 3:49:14 PM org.openqa.selenium.chromium.ChromiumDriver lambda$new$5
WARNING: Unable to find version of CDP to use for 137.0.7151.120. You may need to include a dependency on a specific version of the CDP using something similar to `org.seleniumhq.selenium:selenium-devtools-v86:4.18.1` where the version ("v86") matches the version of the chromium-based browser you're using and the version number of the artifact is the same as Selenium's.
]]></system-err>
  </testcase>
  <testcase name="testSuccessfulLogin" classname="com.questapp.tests.LoginTest" time="8.875">
    <failure message="User should be logged in and see navigation/dashboard elements expected [true] but found [false]" type="java.lang.AssertionError"><![CDATA[java.lang.AssertionError: User should be logged in and see navigation/dashboard elements expected [true] but found [false]
	at org.testng.Assert.fail(Assert.java:111)
	at org.testng.Assert.failNotEquals(Assert.java:1578)
	at org.testng.Assert.assertTrue(Assert.java:57)
	at com.questapp.tests.LoginTest.testSuccessfulLogin(LoginTest.java:25)
	at java.base/jdk.internal.reflect.DirectMethodHandleAccessor.invoke(DirectMethodHandleAccessor.java:103)
	at java.base/java.lang.reflect.Method.invoke(Method.java:580)
	at org.testng.internal.invokers.MethodInvocationHelper.invokeMethod(MethodInvocationHelper.java:139)
	at org.testng.internal.invokers.TestInvoker.invokeMethod(TestInvoker.java:664)
	at org.testng.internal.invokers.TestInvoker.invokeTestMethod(TestInvoker.java:227)
	at org.testng.internal.invokers.MethodRunner.runInSequence(MethodRunner.java:50)
	at org.testng.internal.invokers.TestInvoker$MethodInvocationAgent.invoke(TestInvoker.java:957)
	at org.testng.internal.invokers.TestInvoker.invokeTestMethods(TestInvoker.java:200)
	at org.testng.internal.invokers.TestMethodWorker.invokeTestMethods(TestMethodWorker.java:148)
	at org.testng.internal.invokers.TestMethodWorker.run(TestMethodWorker.java:128)
	at java.base/java.util.concurrent.ThreadPoolExecutor.runWorker(ThreadPoolExecutor.java:1144)
	at java.base/java.util.concurrent.ThreadPoolExecutor$Worker.run(ThreadPoolExecutor.java:642)
	at java.base/java.lang.Thread.run(Thread.java:1583)
]]></failure>
  </testcase>
</testsuite>